<?xml version="1.0" encoding="UTF-8"?>
<Site BuildName="Linux-g++"
	BuildStamp="20231020-1741-Experimental"
	Name="stradiavanti-desktop"
	Generator="ctest-3.22.1"
	CompilerName="/usr/bin/g++"
	CompilerVersion="11.4.0"
	OSName="Linux"
	Hostname="stradiavanti-desktop"
	OSRelease="5.15.0-86-generic"
	OSVersion="#96-Ubuntu SMP Wed Sep 20 08:23:49 UTC 2023"
	OSPlatform="x86_64"
	Is64Bits="1"
	VendorString="AuthenticAMD"
	VendorID="Advanced Micro Devices"
	FamilyID="23"
	ModelID="8"
	ProcessorCacheSize="512"
	NumberOfLogicalCPU="12"
	NumberOfPhysicalCPU="6"
	TotalVirtualMemory="2047"
	TotalPhysicalMemory="15907"
	LogicalProcessorsPerPhysical="2"
	ProcessorClockFrequency="1550"
	>
	<Testing>
		<StartDateTime>Oct 20 20:41 MSK</StartDateTime>
		<StartTestTime>1697823686</StartTestTime>
		<TestList/>
		<EndDateTime>Oct 20 20:41 MSK</EndDateTime>
		<EndTestTime>1697823686</EndTestTime>
		<ElapsedMinutes>0</ElapsedMinutes>
	</Testing>
</Site>
